c:\users\xiaoliu\desktop\compilationprinciples3\test\test\debug\vc143.pdb
c:\users\xiaoliu\desktop\compilationprinciples3\test\test\debug\vc143.idb
c:\users\xiaoliu\desktop\compilationprinciples3\test\test\debug\tokentype.obj
c:\users\xiaoliu\desktop\compilationprinciples3\test\test\debug\token.obj
c:\users\xiaoliu\desktop\compilationprinciples3\test\test\debug\textloader.obj
c:\users\xiaoliu\desktop\compilationprinciples3\test\test\debug\syntaxparser.obj
c:\users\xiaoliu\desktop\compilationprinciples3\test\test\debug\runresult.obj
c:\users\xiaoliu\desktop\compilationprinciples3\test\test\debug\main.obj
c:\users\xiaoliu\desktop\compilationprinciples3\test\test\debug\lexer.obj
c:\users\xiaoliu\desktop\compilationprinciples3\test\test\debug\interpreterutill.obj
c:\users\xiaoliu\desktop\compilationprinciples3\test\test\debug\interpreter.obj
c:\users\xiaoliu\desktop\compilationprinciples3\test\test\debug\error.obj
c:\users\xiaoliu\desktop\compilationprinciples3\out\debug\toypl.exe
c:\users\xiaoliu\desktop\compilationprinciples3\test\test\debug\toypl.ilk
c:\users\xiaoliu\desktop\compilationprinciples3\out\debug\toypl.pdb
c:\users\xiaoliu\desktop\compilationprinciples3\test\test\debug\toypl.tlog\cl.command.1.tlog
c:\users\xiaoliu\desktop\compilationprinciples3\test\test\debug\toypl.tlog\cl.read.1.tlog
c:\users\xiaoliu\desktop\compilationprinciples3\test\test\debug\toypl.tlog\cl.write.1.tlog
c:\users\xiaoliu\desktop\compilationprinciples3\test\test\debug\toypl.tlog\link.command.1.tlog
c:\users\xiaoliu\desktop\compilationprinciples3\test\test\debug\toypl.tlog\link.read.1.tlog
c:\users\xiaoliu\desktop\compilationprinciples3\test\test\debug\toypl.tlog\link.write.1.tlog
